[debug] [2024-09-01T21:56:19.579Z] ----------------------------------------------------------------------
[debug] [2024-09-01T21:56:19.615Z] Command:       /usr/local/bin/node /usr/local/bin/firebase init
[debug] [2024-09-01T21:56:19.616Z] CLI Version:   13.8.0
[debug] [2024-09-01T21:56:19.616Z] Platform:      darwin
[debug] [2024-09-01T21:56:19.616Z] Node Version:  v20.12.1
[debug] [2024-09-01T21:56:19.617Z] Time:          Sun Sep 01 2024 21:56:19 GMT+0000 (Greenwich Mean Time)
[debug] [2024-09-01T21:56:19.617Z] ----------------------------------------------------------------------
[debug] 
[debug] [2024-09-01T21:56:19.630Z] > command requires scopes: ["email","openid","https://www.googleapis.com/auth/cloudplatformprojects.readonly","https://www.googleapis.com/auth/firebase","https://www.googleapis.com/auth/cloud-platform"]
[debug] [2024-09-01T21:56:19.631Z] > authorizing via signed-in user (kaliboido6@gmail.com)
[info] 
     ######## #### ########  ######## ########     ###     ######  ########
     ##        ##  ##     ## ##       ##     ##  ##   ##  ##       ##
     ######    ##  ########  ######   ########  #########  ######  ######
     ##        ##  ##    ##  ##       ##     ## ##     ##       ## ##
     ##       #### ##     ## ######## ########  ##     ##  ######  ########

You're about to initialize a Firebase project in this directory:

  /Users/owner/GitHub/horacioparisotto/Banking

[info] 
=== Project Setup
[info] 
[info] First, let's associate this project directory with a Firebase project.
[info] You can create multiple project aliases by running firebase use --add, 
[info] but for now we'll just set up a default project.
[info] 
[debug] [2024-09-01T21:58:05.905Z] > refreshing access token with scopes: []
[debug] [2024-09-01T21:58:05.909Z] >>> [apiv2][query] POST https://www.googleapis.com/oauth2/v3/token [none]
[debug] [2024-09-01T21:58:05.909Z] >>> [apiv2][body] POST https://www.googleapis.com/oauth2/v3/token [omitted]
[debug] [2024-09-01T21:58:07.867Z] <<< [apiv2][status] POST https://www.googleapis.com/oauth2/v3/token 200
[debug] [2024-09-01T21:58:07.867Z] <<< [apiv2][body] POST https://www.googleapis.com/oauth2/v3/token [omitted]
[debug] [2024-09-01T21:58:08.204Z] >>> [apiv2][query] GET https://firebase.googleapis.com/v1beta1/projects pageSize=100
[debug] [2024-09-01T21:58:09.398Z] <<< [apiv2][status] GET https://firebase.googleapis.com/v1beta1/projects 200
[debug] [2024-09-01T21:58:09.398Z] <<< [apiv2][body] GET https://firebase.googleapis.com/v1beta1/projects [omitted]
[info] i  Using project absa-capital (Absa-capital) 
[info] 
=== Hosting Setup
[debug] [2024-09-01T21:58:20.706Z] >>> [apiv2][query] GET https://firebase.googleapis.com/v1beta1/projects/absa-capital [none]
[debug] [2024-09-01T21:58:22.618Z] <<< [apiv2][status] GET https://firebase.googleapis.com/v1beta1/projects/absa-capital 200
[debug] [2024-09-01T21:58:22.618Z] <<< [apiv2][body] GET https://firebase.googleapis.com/v1beta1/projects/absa-capital {"projectId":"absa-capital","projectNumber":"514474851277","displayName":"Absa-capital","name":"projects/absa-capital","resources":{"hostingSite":"absa-capital"},"state":"ACTIVE","etag":"1_3c6ac0ed-be27-431f-ac80-c93e4c8a8d99"}
[info] 
[info] Your public directory is the folder (relative to your project directory) that
[info] will contain Hosting assets to be uploaded with firebase deploy. If you
[info] have a build process for your assets, use your build's output directory.
[info] 
[debug] [2024-09-01T22:00:05.601Z] >>> [apiv2][query] GET https://www.gstatic.com/firebasejs/releases.json [none]
[debug] [2024-09-01T22:00:06.181Z] <<< [apiv2][status] GET https://www.gstatic.com/firebasejs/releases.json 200
[debug] [2024-09-01T22:00:06.182Z] <<< [apiv2][body] GET https://www.gstatic.com/firebasejs/releases.json {"current":{"version":"10.13.1","browserURL":"https://www.gstatic.com/firebasejs/10.13.1/firebase.js","packageURL":"https://www.gstatic.com/firebasejs/10.13.1/firebase.tgz"},"live":{"version":"10.13","browserURL":"https://www.gstatic.com/firebasejs/live/10.13/firebase.js","packageURL":"https://www.gstatic.com/firebasejs/live/10.13/firebase.tgz"},"components":{"analytics":"https://www.gstatic.com/firebasejs/10.13.1/firebase-analytics.js","app":"https://www.gstatic.com/firebasejs/10.13.1/firebase-app.js","app-check":"https://www.gstatic.com/firebasejs/10.13.1/firebase-app-check.js","auth":"https://www.gstatic.com/firebasejs/10.13.1/firebase-auth.js","auth/cordova":"https://www.gstatic.com/firebasejs/10.13.1/firebase-auth/cordova.js","auth/web-extension":"https://www.gstatic.com/firebasejs/10.13.1/firebase-auth/web-extension.js","functions":"https://www.gstatic.com/firebasejs/10.13.1/firebase-functions.js","firestore":"https://www.gstatic.com/firebasejs/10.13.1/firebase-firestore.js","firestore/lite":"https://www.gstatic.com/firebasejs/10.13.1/firebase-firestore/lite.js","installations":"https://www.gstatic.com/firebasejs/10.13.1/firebase-installations.js","storage":"https://www.gstatic.com/firebasejs/10.13.1/firebase-storage.js","performance":"https://www.gstatic.com/firebasejs/10.13.1/firebase-performance.js","remote-config":"https://www.gstatic.com/firebasejs/10.13.1/firebase-remote-config.js","messaging":"https://www.gstatic.com/firebasejs/10.13.1/firebase-messaging.js","messaging/sw":"https://www.gstatic.com/firebasejs/10.13.1/firebase-messaging/sw.js","database":"https://www.gstatic.com/firebasejs/10.13.1/firebase-database.js","vertexai-preview":"https://www.gstatic.com/firebasejs/10.13.1/firebase-vertexai-preview.js","firestore.memory":"https://www.gstatic.com/firebasejs/10.13.1/firebase-firestore.memory.js"}}
[info] ✔  Wrote build/index.html 
[info] 
[info] i  Detected a .git folder at /Users/owner/GitHub/horacioparisotto/Banking 
[info] i  Authorizing with GitHub to upload your service account to a GitHub repository's secrets store. 
[info] 
[info] Visit this URL on this device to log in:
[info] https://github.com/login/oauth/authorize?client_id=89cf50f02ac6aaed3484&state=473869983&redirect_uri=http%3A%2F%2Flocalhost%3A9005&scope=read%3Auser%20repo%20public_repo
[info] 
[info] Waiting for authentication...
[debug] [2024-09-01T22:00:07.847Z] >>> [apiv2][query] POST https://github.com/login/oauth/access_token [none]
[debug] [2024-09-01T22:00:07.847Z] >>> [apiv2][body] POST https://github.com/login/oauth/access_token [stream]
[debug] [2024-09-01T22:00:09.520Z] <<< [apiv2][status] POST https://github.com/login/oauth/access_token 200
[debug] [2024-09-01T22:00:09.521Z] <<< [apiv2][body] POST https://github.com/login/oauth/access_token {"access_token":"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","token_type":"bearer","scope":"read:user,repo"}
[debug] [2024-09-01T22:00:09.532Z] >>> [apiv2][query] GET https://api.github.com/user [none]
[debug] [2024-09-01T22:00:10.960Z] <<< [apiv2][status] GET https://api.github.com/user 200
[debug] [2024-09-01T22:00:10.961Z] <<< [apiv2][body] GET https://api.github.com/user {"login":"KaliBlip","id":69836195,"node_id":"MDQ6VXNlcjY5ODM2MTk1","avatar_url":"https://avatars.githubusercontent.com/u/69836195?v=4","gravatar_id":"","url":"https://api.github.com/users/KaliBlip","html_url":"https://github.com/KaliBlip","followers_url":"https://api.github.com/users/KaliBlip/followers","following_url":"https://api.github.com/users/KaliBlip/following{/other_user}","gists_url":"https://api.github.com/users/KaliBlip/gists{/gist_id}","starred_url":"https://api.github.com/users/KaliBlip/starred{/owner}{/repo}","subscriptions_url":"https://api.github.com/users/KaliBlip/subscriptions","organizations_url":"https://api.github.com/users/KaliBlip/orgs","repos_url":"https://api.github.com/users/KaliBlip/repos","events_url":"https://api.github.com/users/KaliBlip/events{/privacy}","received_events_url":"https://api.github.com/users/KaliBlip/received_events","type":"User","site_admin":false,"name":null,"company":null,"blog":"https://kaliblip.online","location":null,"email":null,"hireable":true,"bio":null,"twitter_username":"kaliblip","notification_email":null,"public_repos":15,"public_gists":0,"followers":6,"following":22,"created_at":"2020-08-18T05:19:19Z","updated_at":"2024-08-28T18:28:05Z","private_gists":0,"total_private_repos":4,"owned_private_repos":4,"disk_usage":372667,"collaborators":0,"two_factor_authentication":false,"plan":{"name":"free","space":976562499,"collaborators":0,"private_repos":10000}}
[info] 
[info] ✔  Success! Logged into GitHub as KaliBlip 
[info] 
